2017-02-07 01:14:29,222 INFO  [org.eclim.eclipse.EclimDaemon] Workspace: /home/alexiram/Documents/GIT/PSTL/RockAn-Dron/ServerWorkSpace
2017-02-07 01:14:29,226 INFO  [org.eclim.eclipse.EclimDaemon] Home: /home/alexiram/Documents/Installations/eclipse-eclim/eclipse/plugins/org.eclim_2.6.0/
2017-02-07 01:14:29,226 INFO  [org.eclim.eclipse.EclimDaemon] Starting eclim...
2017-02-07 01:14:29,234 INFO  [org.eclim.eclipse.EclimDaemon] Loading plugin org.eclim
2017-02-07 01:14:29,236 INFO  [org.eclim.eclipse.EclimDaemon] Loading plugin org.eclim.core
2017-02-07 01:14:29,371 INFO  [org.eclim.plugin.core.CorePlugin] Loading eclim plugins...
2017-02-07 01:14:29,375 INFO  [org.eclim.plugin.core.CorePlugin] Loading plugin org.eclim.jdt
2017-02-07 01:14:29,375 INFO  [org.eclim.plugin.core.CorePlugin] Plugins loaded.
2017-02-07 01:14:29,376 INFO  [org.eclim.eclipse.EclimDaemon] Loaded plugin org.eclim.core
2017-02-07 01:14:29,376 INFO  [org.eclim.eclipse.EclimDaemon] Waiting on running jobs before starting eclimd...
2017-02-07 01:14:33,378 INFO  [org.eclim.eclipse.EclimDaemon] Jobs finished.
2017-02-07 01:14:33,379 INFO  [org.eclim.eclipse.EclimDaemon] Eclim Server Started on: 127.0.0.1:9091
2017-02-07 01:25:36,162 INFO  [org.eclim.eclipse.EclimDaemon] Shutting down eclim...
2017-02-07 01:25:36,173 INFO  [org.eclim.eclipse.EclimDaemon] Stopping plugin org.eclim.core
2017-02-07 01:25:36,175 INFO  [org.eclim.plugin.core.CorePlugin] Stopping plugin org.eclim.jdt
2017-02-07 01:25:36,175 INFO  [org.eclim.eclipse.EclimDaemon] Eclim stopped.
2017-02-07 01:27:42,955 INFO  [org.eclim.eclipse.EclimDaemon] Workspace: /home/alexiram/Documents/GIT/PSTL/RockAn-Dron/ServerWorkSpace
2017-02-07 01:27:42,956 INFO  [org.eclim.eclipse.EclimDaemon] Home: /home/alexiram/Documents/Installations/eclipse-eclim/eclipse/plugins/org.eclim_2.6.0/
2017-02-07 01:27:42,956 INFO  [org.eclim.eclipse.EclimDaemon] Starting eclim...
2017-02-07 01:27:42,971 INFO  [org.eclim.eclipse.EclimDaemon] Loading plugin org.eclim
2017-02-07 01:27:42,975 INFO  [org.eclim.eclipse.EclimDaemon] Loading plugin org.eclim.core
2017-02-07 01:27:43,133 INFO  [org.eclim.plugin.core.CorePlugin] Loading eclim plugins...
2017-02-07 01:27:43,134 INFO  [org.eclim.plugin.core.CorePlugin] Loading plugin org.eclim.jdt
2017-02-07 01:27:43,139 INFO  [org.eclim.plugin.core.CorePlugin] Plugins loaded.
2017-02-07 01:27:43,139 INFO  [org.eclim.eclipse.EclimDaemon] Loaded plugin org.eclim.core
2017-02-07 01:27:43,140 INFO  [org.eclim.eclipse.EclimDaemon] Waiting on running jobs before starting eclimd...
2017-02-07 01:27:46,142 INFO  [org.eclim.eclipse.EclimDaemon] Jobs finished.
2017-02-07 01:27:46,142 INFO  [org.eclim.eclipse.EclimDaemon] Eclim Server Started on: 127.0.0.1:9091
2017-02-07 01:31:34,128 INFO  [org.eclim.eclipse.EclimDaemon] Shutting down eclim...
2017-02-07 01:31:34,132 INFO  [org.eclim.eclipse.EclimDaemon] Stopping plugin org.eclim.core
2017-02-07 01:31:34,134 INFO  [org.eclim.plugin.core.CorePlugin] Stopping plugin org.eclim.jdt
2017-02-07 01:31:34,135 INFO  [org.eclim.eclipse.EclimDaemon] Eclim stopped.
2017-02-07 01:31:43,609 INFO  [org.eclim.eclipse.EclimDaemon] Workspace: /home/alexiram/Documents/GIT/PSTL/RockAn-Dron/ServerWorkSpace
2017-02-07 01:31:43,616 INFO  [org.eclim.eclipse.EclimDaemon] Home: /home/alexiram/Documents/Installations/eclipse-eclim/eclipse/plugins/org.eclim_2.6.0/
2017-02-07 01:31:43,616 INFO  [org.eclim.eclipse.EclimDaemon] Starting eclim...
2017-02-07 01:31:43,639 INFO  [org.eclim.eclipse.EclimDaemon] Loading plugin org.eclim
2017-02-07 01:31:43,643 INFO  [org.eclim.eclipse.EclimDaemon] Loading plugin org.eclim.core
2017-02-07 01:31:43,844 INFO  [org.eclim.plugin.core.CorePlugin] Loading eclim plugins...
2017-02-07 01:31:43,876 INFO  [org.eclim.plugin.core.CorePlugin] Loading plugin org.eclim.jdt
2017-02-07 01:31:43,876 INFO  [org.eclim.plugin.core.CorePlugin] Plugins loaded.
2017-02-07 01:31:43,876 INFO  [org.eclim.eclipse.EclimDaemon] Loaded plugin org.eclim.core
2017-02-07 01:31:43,877 INFO  [org.eclim.eclipse.EclimDaemon] Waiting on running jobs before starting eclimd...
2017-02-07 01:31:46,878 INFO  [org.eclim.eclipse.EclimDaemon] Jobs finished.
2017-02-07 01:31:46,878 INFO  [org.eclim.eclipse.EclimDaemon] Eclim Server Started on: 127.0.0.1:9091
2017-02-07 01:32:55,467 ERROR [org.eclim.command.Main] Command failed
org.eclipse.core.internal.resources.ResourceException: Resource '/ClientTest' is not open.
	at org.eclipse.core.internal.resources.Project.checkAccessible(Project.java:144)
	at org.eclipse.core.internal.resources.Project.hasNature(Project.java:516)
	at org.eclim.plugin.jdt.util.JavaUtils.getJavaProject(JavaUtils.java:150)
	at org.eclim.plugin.jdt.command.launching.JavaCommand.execute(JavaCommand.java:127)
	at org.eclim.command.Main$1.run(Main.java:100)
	at org.eclipse.swt.widgets.RunnableLock.run(RunnableLock.java:35)
	at org.eclipse.swt.widgets.Synchronizer.runAsyncMessages(Synchronizer.java:182)
	at org.eclipse.swt.widgets.Display.runAsyncMessages(Display.java:4536)
	at org.eclipse.swt.widgets.Display.readAndDispatch(Display.java:4154)
	at org.eclipse.e4.ui.internal.workbench.swt.PartRenderingEngine$4.run(PartRenderingEngine.java:1121)
	at org.eclipse.core.databinding.observable.Realm.runWithDefault(Realm.java:336)
	at org.eclipse.e4.ui.internal.workbench.swt.PartRenderingEngine.run(PartRenderingEngine.java:1022)
	at org.eclipse.e4.ui.internal.workbench.E4Workbench.createAndRunUI(E4Workbench.java:150)
	at org.eclipse.ui.internal.Workbench$5.run(Workbench.java:693)
	at org.eclipse.core.databinding.observable.Realm.runWithDefault(Realm.java:336)
	at org.eclipse.ui.internal.Workbench.createAndRunWorkbench(Workbench.java:610)
	at org.eclipse.ui.PlatformUI.createAndRunWorkbench(PlatformUI.java:148)
	at org.eclipse.ui.internal.ide.application.IDEApplication.start(IDEApplication.java:138)
	at org.eclim.eclipse.EclimApplication.start(EclimApplication.java:128)
	at org.eclipse.equinox.internal.app.EclipseAppHandle.run(EclipseAppHandle.java:196)
	at org.eclipse.core.runtime.internal.adaptor.EclipseAppLauncher.runApplication(EclipseAppLauncher.java:134)
	at org.eclipse.core.runtime.internal.adaptor.EclipseAppLauncher.start(EclipseAppLauncher.java:104)
	at org.eclipse.core.runtime.adaptor.EclipseStarter.run(EclipseStarter.java:388)
	at org.eclipse.core.runtime.adaptor.EclipseStarter.run(EclipseStarter.java:243)
	at sun.reflect.NativeMethodAccessorImpl.invoke0(Native Method)
	at sun.reflect.NativeMethodAccessorImpl.invoke(NativeMethodAccessorImpl.java:62)
	at sun.reflect.DelegatingMethodAccessorImpl.invoke(DelegatingMethodAccessorImpl.java:43)
	at java.lang.reflect.Method.invoke(Method.java:498)
	at org.eclipse.equinox.launcher.Main.invokeFramework(Main.java:673)
	at org.eclipse.equinox.launcher.Main.basicRun(Main.java:610)
	at org.eclipse.equinox.launcher.Main.run(Main.java:1519)
	at org.eclipse.equinox.launcher.Main.main(Main.java:1492)
2017-02-07 01:36:35,155 ERROR [org.eclim.command.Main] Command failed
org.eclipse.core.internal.resources.ResourceException: Resource '/ClientTest' is not open.
	at org.eclipse.core.internal.resources.Project.checkAccessible(Project.java:144)
	at org.eclipse.core.internal.resources.Project.hasNature(Project.java:516)
	at org.eclim.plugin.jdt.util.JavaUtils.getJavaProject(JavaUtils.java:150)
	at org.eclim.plugin.jdt.command.launching.JavaCommand.execute(JavaCommand.java:127)
	at org.eclim.command.Main$1.run(Main.java:100)
	at org.eclipse.swt.widgets.RunnableLock.run(RunnableLock.java:35)
	at org.eclipse.swt.widgets.Synchronizer.runAsyncMessages(Synchronizer.java:182)
	at org.eclipse.swt.widgets.Display.runAsyncMessages(Display.java:4536)
	at org.eclipse.swt.widgets.Display.readAndDispatch(Display.java:4154)
	at org.eclipse.e4.ui.internal.workbench.swt.PartRenderingEngine$4.run(PartRenderingEngine.java:1121)
	at org.eclipse.core.databinding.observable.Realm.runWithDefault(Realm.java:336)
	at org.eclipse.e4.ui.internal.workbench.swt.PartRenderingEngine.run(PartRenderingEngine.java:1022)
	at org.eclipse.e4.ui.internal.workbench.E4Workbench.createAndRunUI(E4Workbench.java:150)
	at org.eclipse.ui.internal.Workbench$5.run(Workbench.java:693)
	at org.eclipse.core.databinding.observable.Realm.runWithDefault(Realm.java:336)
	at org.eclipse.ui.internal.Workbench.createAndRunWorkbench(Workbench.java:610)
	at org.eclipse.ui.PlatformUI.createAndRunWorkbench(PlatformUI.java:148)
	at org.eclipse.ui.internal.ide.application.IDEApplication.start(IDEApplication.java:138)
	at org.eclim.eclipse.EclimApplication.start(EclimApplication.java:128)
	at org.eclipse.equinox.internal.app.EclipseAppHandle.run(EclipseAppHandle.java:196)
	at org.eclipse.core.runtime.internal.adaptor.EclipseAppLauncher.runApplication(EclipseAppLauncher.java:134)
	at org.eclipse.core.runtime.internal.adaptor.EclipseAppLauncher.start(EclipseAppLauncher.java:104)
	at org.eclipse.core.runtime.adaptor.EclipseStarter.run(EclipseStarter.java:388)
	at org.eclipse.core.runtime.adaptor.EclipseStarter.run(EclipseStarter.java:243)
	at sun.reflect.NativeMethodAccessorImpl.invoke0(Native Method)
	at sun.reflect.NativeMethodAccessorImpl.invoke(NativeMethodAccessorImpl.java:62)
	at sun.reflect.DelegatingMethodAccessorImpl.invoke(DelegatingMethodAccessorImpl.java:43)
	at java.lang.reflect.Method.invoke(Method.java:498)
	at org.eclipse.equinox.launcher.Main.invokeFramework(Main.java:673)
	at org.eclipse.equinox.launcher.Main.basicRun(Main.java:610)
	at org.eclipse.equinox.launcher.Main.run(Main.java:1519)
	at org.eclipse.equinox.launcher.Main.main(Main.java:1492)
2017-02-07 01:36:35,155 ERROR [org.eclim.command.Main] Command failed
org.eclipse.core.internal.resources.ResourceException: Resource '/ClientTest' is not open.
	at org.eclipse.core.internal.resources.Project.checkAccessible(Project.java:144)
	at org.eclipse.core.internal.resources.Project.hasNature(Project.java:516)
	at org.eclim.plugin.jdt.util.JavaUtils.getJavaProject(JavaUtils.java:150)
	at org.eclim.plugin.jdt.command.src.SrcUpdateCommand.execute(SrcUpdateCommand.java:81)
	at org.eclim.command.Main$1.run(Main.java:100)
	at org.eclipse.swt.widgets.RunnableLock.run(RunnableLock.java:35)
	at org.eclipse.swt.widgets.Synchronizer.runAsyncMessages(Synchronizer.java:182)
	at org.eclipse.swt.widgets.Display.runAsyncMessages(Display.java:4536)
	at org.eclipse.swt.widgets.Display.readAndDispatch(Display.java:4154)
	at org.eclipse.e4.ui.internal.workbench.swt.PartRenderingEngine$4.run(PartRenderingEngine.java:1121)
	at org.eclipse.core.databinding.observable.Realm.runWithDefault(Realm.java:336)
	at org.eclipse.e4.ui.internal.workbench.swt.PartRenderingEngine.run(PartRenderingEngine.java:1022)
	at org.eclipse.e4.ui.internal.workbench.E4Workbench.createAndRunUI(E4Workbench.java:150)
	at org.eclipse.ui.internal.Workbench$5.run(Workbench.java:693)
	at org.eclipse.core.databinding.observable.Realm.runWithDefault(Realm.java:336)
	at org.eclipse.ui.internal.Workbench.createAndRunWorkbench(Workbench.java:610)
	at org.eclipse.ui.PlatformUI.createAndRunWorkbench(PlatformUI.java:148)
	at org.eclipse.ui.internal.ide.application.IDEApplication.start(IDEApplication.java:138)
	at org.eclim.eclipse.EclimApplication.start(EclimApplication.java:128)
	at org.eclipse.equinox.internal.app.EclipseAppHandle.run(EclipseAppHandle.java:196)
	at org.eclipse.core.runtime.internal.adaptor.EclipseAppLauncher.runApplication(EclipseAppLauncher.java:134)
	at org.eclipse.core.runtime.internal.adaptor.EclipseAppLauncher.start(EclipseAppLauncher.java:104)
	at org.eclipse.core.runtime.adaptor.EclipseStarter.run(EclipseStarter.java:388)
	at org.eclipse.core.runtime.adaptor.EclipseStarter.run(EclipseStarter.java:243)
	at sun.reflect.NativeMethodAccessorImpl.invoke0(Native Method)
	at sun.reflect.NativeMethodAccessorImpl.invoke(NativeMethodAccessorImpl.java:62)
	at sun.reflect.DelegatingMethodAccessorImpl.invoke(DelegatingMethodAccessorImpl.java:43)
	at java.lang.reflect.Method.invoke(Method.java:498)
	at org.eclipse.equinox.launcher.Main.invokeFramework(Main.java:673)
	at org.eclipse.equinox.launcher.Main.basicRun(Main.java:610)
	at org.eclipse.equinox.launcher.Main.run(Main.java:1519)
	at org.eclipse.equinox.launcher.Main.main(Main.java:1492)
2017-02-07 01:37:21,060 ERROR [org.eclim.command.Main] Command failed
java.lang.IllegalArgumentException: Project 'ClientTest' does not have the required nature 'java'.
	at org.eclim.plugin.jdt.util.JavaUtils.getJavaProject(JavaUtils.java:151)
	at org.eclim.plugin.jdt.command.launching.JavaCommand.execute(JavaCommand.java:127)
	at org.eclim.command.Main$1.run(Main.java:100)
	at org.eclipse.swt.widgets.RunnableLock.run(RunnableLock.java:35)
	at org.eclipse.swt.widgets.Synchronizer.runAsyncMessages(Synchronizer.java:182)
	at org.eclipse.swt.widgets.Display.runAsyncMessages(Display.java:4536)
	at org.eclipse.swt.widgets.Display.readAndDispatch(Display.java:4154)
	at org.eclipse.e4.ui.internal.workbench.swt.PartRenderingEngine$4.run(PartRenderingEngine.java:1121)
	at org.eclipse.core.databinding.observable.Realm.runWithDefault(Realm.java:336)
	at org.eclipse.e4.ui.internal.workbench.swt.PartRenderingEngine.run(PartRenderingEngine.java:1022)
	at org.eclipse.e4.ui.internal.workbench.E4Workbench.createAndRunUI(E4Workbench.java:150)
	at org.eclipse.ui.internal.Workbench$5.run(Workbench.java:693)
	at org.eclipse.core.databinding.observable.Realm.runWithDefault(Realm.java:336)
	at org.eclipse.ui.internal.Workbench.createAndRunWorkbench(Workbench.java:610)
	at org.eclipse.ui.PlatformUI.createAndRunWorkbench(PlatformUI.java:148)
	at org.eclipse.ui.internal.ide.application.IDEApplication.start(IDEApplication.java:138)
	at org.eclim.eclipse.EclimApplication.start(EclimApplication.java:128)
	at org.eclipse.equinox.internal.app.EclipseAppHandle.run(EclipseAppHandle.java:196)
	at org.eclipse.core.runtime.internal.adaptor.EclipseAppLauncher.runApplication(EclipseAppLauncher.java:134)
	at org.eclipse.core.runtime.internal.adaptor.EclipseAppLauncher.start(EclipseAppLauncher.java:104)
	at org.eclipse.core.runtime.adaptor.EclipseStarter.run(EclipseStarter.java:388)
	at org.eclipse.core.runtime.adaptor.EclipseStarter.run(EclipseStarter.java:243)
	at sun.reflect.NativeMethodAccessorImpl.invoke0(Native Method)
	at sun.reflect.NativeMethodAccessorImpl.invoke(NativeMethodAccessorImpl.java:62)
	at sun.reflect.DelegatingMethodAccessorImpl.invoke(DelegatingMethodAccessorImpl.java:43)
	at java.lang.reflect.Method.invoke(Method.java:498)
	at org.eclipse.equinox.launcher.Main.invokeFramework(Main.java:673)
	at org.eclipse.equinox.launcher.Main.basicRun(Main.java:610)
	at org.eclipse.equinox.launcher.Main.run(Main.java:1519)
	at org.eclipse.equinox.launcher.Main.main(Main.java:1492)
2017-02-07 01:37:27,159 ERROR [org.eclim.command.Main] Command failed
java.lang.IllegalArgumentException: Project 'ClientTest' does not have the required nature 'java'.
	at org.eclim.plugin.jdt.util.JavaUtils.getJavaProject(JavaUtils.java:151)
	at org.eclim.plugin.jdt.command.src.SrcUpdateCommand.execute(SrcUpdateCommand.java:81)
	at org.eclim.command.Main$1.run(Main.java:100)
	at org.eclipse.swt.widgets.RunnableLock.run(RunnableLock.java:35)
	at org.eclipse.swt.widgets.Synchronizer.runAsyncMessages(Synchronizer.java:182)
	at org.eclipse.swt.widgets.Display.runAsyncMessages(Display.java:4536)
	at org.eclipse.swt.widgets.Display.readAndDispatch(Display.java:4154)
	at org.eclipse.e4.ui.internal.workbench.swt.PartRenderingEngine$4.run(PartRenderingEngine.java:1121)
	at org.eclipse.core.databinding.observable.Realm.runWithDefault(Realm.java:336)
	at org.eclipse.e4.ui.internal.workbench.swt.PartRenderingEngine.run(PartRenderingEngine.java:1022)
	at org.eclipse.e4.ui.internal.workbench.E4Workbench.createAndRunUI(E4Workbench.java:150)
	at org.eclipse.ui.internal.Workbench$5.run(Workbench.java:693)
	at org.eclipse.core.databinding.observable.Realm.runWithDefault(Realm.java:336)
	at org.eclipse.ui.internal.Workbench.createAndRunWorkbench(Workbench.java:610)
	at org.eclipse.ui.PlatformUI.createAndRunWorkbench(PlatformUI.java:148)
	at org.eclipse.ui.internal.ide.application.IDEApplication.start(IDEApplication.java:138)
	at org.eclim.eclipse.EclimApplication.start(EclimApplication.java:128)
	at org.eclipse.equinox.internal.app.EclipseAppHandle.run(EclipseAppHandle.java:196)
	at org.eclipse.core.runtime.internal.adaptor.EclipseAppLauncher.runApplication(EclipseAppLauncher.java:134)
	at org.eclipse.core.runtime.internal.adaptor.EclipseAppLauncher.start(EclipseAppLauncher.java:104)
	at org.eclipse.core.runtime.adaptor.EclipseStarter.run(EclipseStarter.java:388)
	at org.eclipse.core.runtime.adaptor.EclipseStarter.run(EclipseStarter.java:243)
	at sun.reflect.NativeMethodAccessorImpl.invoke0(Native Method)
	at sun.reflect.NativeMethodAccessorImpl.invoke(NativeMethodAccessorImpl.java:62)
	at sun.reflect.DelegatingMethodAccessorImpl.invoke(DelegatingMethodAccessorImpl.java:43)
	at java.lang.reflect.Method.invoke(Method.java:498)
	at org.eclipse.equinox.launcher.Main.invokeFramework(Main.java:673)
	at org.eclipse.equinox.launcher.Main.basicRun(Main.java:610)
	at org.eclipse.equinox.launcher.Main.run(Main.java:1519)
	at org.eclipse.equinox.launcher.Main.main(Main.java:1492)
2017-02-07 01:38:37,373 ERROR [org.eclim.command.Main] Command failed
java.lang.IllegalArgumentException: Project 'ClientTest' does not have the required nature 'java'.
	at org.eclim.plugin.jdt.util.JavaUtils.getJavaProject(JavaUtils.java:151)
	at org.eclim.plugin.jdt.command.launching.JavaCommand.execute(JavaCommand.java:127)
	at org.eclim.command.Main$1.run(Main.java:100)
	at org.eclipse.swt.widgets.RunnableLock.run(RunnableLock.java:35)
	at org.eclipse.swt.widgets.Synchronizer.runAsyncMessages(Synchronizer.java:182)
	at org.eclipse.swt.widgets.Display.runAsyncMessages(Display.java:4536)
	at org.eclipse.swt.widgets.Display.readAndDispatch(Display.java:4154)
	at org.eclipse.e4.ui.internal.workbench.swt.PartRenderingEngine$4.run(PartRenderingEngine.java:1121)
	at org.eclipse.core.databinding.observable.Realm.runWithDefault(Realm.java:336)
	at org.eclipse.e4.ui.internal.workbench.swt.PartRenderingEngine.run(PartRenderingEngine.java:1022)
	at org.eclipse.e4.ui.internal.workbench.E4Workbench.createAndRunUI(E4Workbench.java:150)
	at org.eclipse.ui.internal.Workbench$5.run(Workbench.java:693)
	at org.eclipse.core.databinding.observable.Realm.runWithDefault(Realm.java:336)
	at org.eclipse.ui.internal.Workbench.createAndRunWorkbench(Workbench.java:610)
	at org.eclipse.ui.PlatformUI.createAndRunWorkbench(PlatformUI.java:148)
	at org.eclipse.ui.internal.ide.application.IDEApplication.start(IDEApplication.java:138)
	at org.eclim.eclipse.EclimApplication.start(EclimApplication.java:128)
	at org.eclipse.equinox.internal.app.EclipseAppHandle.run(EclipseAppHandle.java:196)
	at org.eclipse.core.runtime.internal.adaptor.EclipseAppLauncher.runApplication(EclipseAppLauncher.java:134)
	at org.eclipse.core.runtime.internal.adaptor.EclipseAppLauncher.start(EclipseAppLauncher.java:104)
	at org.eclipse.core.runtime.adaptor.EclipseStarter.run(EclipseStarter.java:388)
	at org.eclipse.core.runtime.adaptor.EclipseStarter.run(EclipseStarter.java:243)
	at sun.reflect.NativeMethodAccessorImpl.invoke0(Native Method)
	at sun.reflect.NativeMethodAccessorImpl.invoke(NativeMethodAccessorImpl.java:62)
	at sun.reflect.DelegatingMethodAccessorImpl.invoke(DelegatingMethodAccessorImpl.java:43)
	at java.lang.reflect.Method.invoke(Method.java:498)
	at org.eclipse.equinox.launcher.Main.invokeFramework(Main.java:673)
	at org.eclipse.equinox.launcher.Main.basicRun(Main.java:610)
	at org.eclipse.equinox.launcher.Main.run(Main.java:1519)
	at org.eclipse.equinox.launcher.Main.main(Main.java:1492)
2017-02-07 01:39:48,729 ERROR [org.eclim.command.Main] Command failed
java.lang.IllegalArgumentException: Project 'ClientTest' does not have the required nature 'java'.
	at org.eclim.plugin.jdt.util.JavaUtils.getJavaProject(JavaUtils.java:151)
	at org.eclim.plugin.jdt.command.src.SrcUpdateCommand.execute(SrcUpdateCommand.java:81)
	at org.eclim.command.Main$1.run(Main.java:100)
	at org.eclipse.swt.widgets.RunnableLock.run(RunnableLock.java:35)
	at org.eclipse.swt.widgets.Synchronizer.runAsyncMessages(Synchronizer.java:182)
	at org.eclipse.swt.widgets.Display.runAsyncMessages(Display.java:4536)
	at org.eclipse.swt.widgets.Display.readAndDispatch(Display.java:4154)
	at org.eclipse.e4.ui.internal.workbench.swt.PartRenderingEngine$4.run(PartRenderingEngine.java:1121)
	at org.eclipse.core.databinding.observable.Realm.runWithDefault(Realm.java:336)
	at org.eclipse.e4.ui.internal.workbench.swt.PartRenderingEngine.run(PartRenderingEngine.java:1022)
	at org.eclipse.e4.ui.internal.workbench.E4Workbench.createAndRunUI(E4Workbench.java:150)
	at org.eclipse.ui.internal.Workbench$5.run(Workbench.java:693)
	at org.eclipse.core.databinding.observable.Realm.runWithDefault(Realm.java:336)
	at org.eclipse.ui.internal.Workbench.createAndRunWorkbench(Workbench.java:610)
	at org.eclipse.ui.PlatformUI.createAndRunWorkbench(PlatformUI.java:148)
	at org.eclipse.ui.internal.ide.application.IDEApplication.start(IDEApplication.java:138)
	at org.eclim.eclipse.EclimApplication.start(EclimApplication.java:128)
	at org.eclipse.equinox.internal.app.EclipseAppHandle.run(EclipseAppHandle.java:196)
	at org.eclipse.core.runtime.internal.adaptor.EclipseAppLauncher.runApplication(EclipseAppLauncher.java:134)
	at org.eclipse.core.runtime.internal.adaptor.EclipseAppLauncher.start(EclipseAppLauncher.java:104)
	at org.eclipse.core.runtime.adaptor.EclipseStarter.run(EclipseStarter.java:388)
	at org.eclipse.core.runtime.adaptor.EclipseStarter.run(EclipseStarter.java:243)
	at sun.reflect.NativeMethodAccessorImpl.invoke0(Native Method)
	at sun.reflect.NativeMethodAccessorImpl.invoke(NativeMethodAccessorImpl.java:62)
	at sun.reflect.DelegatingMethodAccessorImpl.invoke(DelegatingMethodAccessorImpl.java:43)
	at java.lang.reflect.Method.invoke(Method.java:498)
	at org.eclipse.equinox.launcher.Main.invokeFramework(Main.java:673)
	at org.eclipse.equinox.launcher.Main.basicRun(Main.java:610)
	at org.eclipse.equinox.launcher.Main.run(Main.java:1519)
	at org.eclipse.equinox.launcher.Main.main(Main.java:1492)
2017-02-07 01:40:23,405 ERROR [org.eclim.command.Main] Command failed
java.lang.IllegalArgumentException: Project 'ClientTest' does not have the required nature 'java'.
	at org.eclim.plugin.jdt.util.JavaUtils.getJavaProject(JavaUtils.java:151)
	at org.eclim.plugin.jdt.command.launching.JavaCommand.execute(JavaCommand.java:127)
	at org.eclim.command.Main$1.run(Main.java:100)
	at org.eclipse.swt.widgets.RunnableLock.run(RunnableLock.java:35)
	at org.eclipse.swt.widgets.Synchronizer.runAsyncMessages(Synchronizer.java:182)
	at org.eclipse.swt.widgets.Display.runAsyncMessages(Display.java:4536)
	at org.eclipse.swt.widgets.Display.readAndDispatch(Display.java:4154)
	at org.eclipse.e4.ui.internal.workbench.swt.PartRenderingEngine$4.run(PartRenderingEngine.java:1121)
	at org.eclipse.core.databinding.observable.Realm.runWithDefault(Realm.java:336)
	at org.eclipse.e4.ui.internal.workbench.swt.PartRenderingEngine.run(PartRenderingEngine.java:1022)
	at org.eclipse.e4.ui.internal.workbench.E4Workbench.createAndRunUI(E4Workbench.java:150)
	at org.eclipse.ui.internal.Workbench$5.run(Workbench.java:693)
	at org.eclipse.core.databinding.observable.Realm.runWithDefault(Realm.java:336)
	at org.eclipse.ui.internal.Workbench.createAndRunWorkbench(Workbench.java:610)
	at org.eclipse.ui.PlatformUI.createAndRunWorkbench(PlatformUI.java:148)
	at org.eclipse.ui.internal.ide.application.IDEApplication.start(IDEApplication.java:138)
	at org.eclim.eclipse.EclimApplication.start(EclimApplication.java:128)
	at org.eclipse.equinox.internal.app.EclipseAppHandle.run(EclipseAppHandle.java:196)
	at org.eclipse.core.runtime.internal.adaptor.EclipseAppLauncher.runApplication(EclipseAppLauncher.java:134)
	at org.eclipse.core.runtime.internal.adaptor.EclipseAppLauncher.start(EclipseAppLauncher.java:104)
	at org.eclipse.core.runtime.adaptor.EclipseStarter.run(EclipseStarter.java:388)
	at org.eclipse.core.runtime.adaptor.EclipseStarter.run(EclipseStarter.java:243)
	at sun.reflect.NativeMethodAccessorImpl.invoke0(Native Method)
	at sun.reflect.NativeMethodAccessorImpl.invoke(NativeMethodAccessorImpl.java:62)
	at sun.reflect.DelegatingMethodAccessorImpl.invoke(DelegatingMethodAccessorImpl.java:43)
	at java.lang.reflect.Method.invoke(Method.java:498)
	at org.eclipse.equinox.launcher.Main.invokeFramework(Main.java:673)
	at org.eclipse.equinox.launcher.Main.basicRun(Main.java:610)
	at org.eclipse.equinox.launcher.Main.run(Main.java:1519)
	at org.eclipse.equinox.launcher.Main.main(Main.java:1492)
2017-02-07 01:46:04,030 ERROR [org.eclim.command.Main] Command failed
java.lang.IllegalArgumentException: Project 'ClientTest' does not have the required nature 'java'.
	at org.eclim.plugin.jdt.util.JavaUtils.getJavaProject(JavaUtils.java:151)
	at org.eclim.plugin.jdt.command.src.SrcUpdateCommand.execute(SrcUpdateCommand.java:81)
	at org.eclim.command.Main$1.run(Main.java:100)
	at org.eclipse.swt.widgets.RunnableLock.run(RunnableLock.java:35)
	at org.eclipse.swt.widgets.Synchronizer.runAsyncMessages(Synchronizer.java:182)
	at org.eclipse.swt.widgets.Display.runAsyncMessages(Display.java:4536)
	at org.eclipse.swt.widgets.Display.readAndDispatch(Display.java:4154)
	at org.eclipse.e4.ui.internal.workbench.swt.PartRenderingEngine$4.run(PartRenderingEngine.java:1121)
	at org.eclipse.core.databinding.observable.Realm.runWithDefault(Realm.java:336)
	at org.eclipse.e4.ui.internal.workbench.swt.PartRenderingEngine.run(PartRenderingEngine.java:1022)
	at org.eclipse.e4.ui.internal.workbench.E4Workbench.createAndRunUI(E4Workbench.java:150)
	at org.eclipse.ui.internal.Workbench$5.run(Workbench.java:693)
	at org.eclipse.core.databinding.observable.Realm.runWithDefault(Realm.java:336)
	at org.eclipse.ui.internal.Workbench.createAndRunWorkbench(Workbench.java:610)
	at org.eclipse.ui.PlatformUI.createAndRunWorkbench(PlatformUI.java:148)
	at org.eclipse.ui.internal.ide.application.IDEApplication.start(IDEApplication.java:138)
	at org.eclim.eclipse.EclimApplication.start(EclimApplication.java:128)
	at org.eclipse.equinox.internal.app.EclipseAppHandle.run(EclipseAppHandle.java:196)
	at org.eclipse.core.runtime.internal.adaptor.EclipseAppLauncher.runApplication(EclipseAppLauncher.java:134)
	at org.eclipse.core.runtime.internal.adaptor.EclipseAppLauncher.start(EclipseAppLauncher.java:104)
	at org.eclipse.core.runtime.adaptor.EclipseStarter.run(EclipseStarter.java:388)
	at org.eclipse.core.runtime.adaptor.EclipseStarter.run(EclipseStarter.java:243)
	at sun.reflect.NativeMethodAccessorImpl.invoke0(Native Method)
	at sun.reflect.NativeMethodAccessorImpl.invoke(NativeMethodAccessorImpl.java:62)
	at sun.reflect.DelegatingMethodAccessorImpl.invoke(DelegatingMethodAccessorImpl.java:43)
	at java.lang.reflect.Method.invoke(Method.java:498)
	at org.eclipse.equinox.launcher.Main.invokeFramework(Main.java:673)
	at org.eclipse.equinox.launcher.Main.basicRun(Main.java:610)
	at org.eclipse.equinox.launcher.Main.run(Main.java:1519)
	at org.eclipse.equinox.launcher.Main.main(Main.java:1492)
2017-02-07 01:46:44,836 ERROR [org.eclim.command.Main] Command failed
java.lang.IllegalArgumentException: Project 'ClientTest' does not have the required nature 'java'.
	at org.eclim.plugin.jdt.util.JavaUtils.getJavaProject(JavaUtils.java:151)
	at org.eclim.plugin.jdt.command.launching.JavaCommand.execute(JavaCommand.java:127)
	at org.eclim.command.Main$1.run(Main.java:100)
	at org.eclipse.swt.widgets.RunnableLock.run(RunnableLock.java:35)
	at org.eclipse.swt.widgets.Synchronizer.runAsyncMessages(Synchronizer.java:182)
	at org.eclipse.swt.widgets.Display.runAsyncMessages(Display.java:4536)
	at org.eclipse.swt.widgets.Display.readAndDispatch(Display.java:4154)
	at org.eclipse.e4.ui.internal.workbench.swt.PartRenderingEngine$4.run(PartRenderingEngine.java:1121)
	at org.eclipse.core.databinding.observable.Realm.runWithDefault(Realm.java:336)
	at org.eclipse.e4.ui.internal.workbench.swt.PartRenderingEngine.run(PartRenderingEngine.java:1022)
	at org.eclipse.e4.ui.internal.workbench.E4Workbench.createAndRunUI(E4Workbench.java:150)
	at org.eclipse.ui.internal.Workbench$5.run(Workbench.java:693)
	at org.eclipse.core.databinding.observable.Realm.runWithDefault(Realm.java:336)
	at org.eclipse.ui.internal.Workbench.createAndRunWorkbench(Workbench.java:610)
	at org.eclipse.ui.PlatformUI.createAndRunWorkbench(PlatformUI.java:148)
	at org.eclipse.ui.internal.ide.application.IDEApplication.start(IDEApplication.java:138)
	at org.eclim.eclipse.EclimApplication.start(EclimApplication.java:128)
	at org.eclipse.equinox.internal.app.EclipseAppHandle.run(EclipseAppHandle.java:196)
	at org.eclipse.core.runtime.internal.adaptor.EclipseAppLauncher.runApplication(EclipseAppLauncher.java:134)
	at org.eclipse.core.runtime.internal.adaptor.EclipseAppLauncher.start(EclipseAppLauncher.java:104)
	at org.eclipse.core.runtime.adaptor.EclipseStarter.run(EclipseStarter.java:388)
	at org.eclipse.core.runtime.adaptor.EclipseStarter.run(EclipseStarter.java:243)
	at sun.reflect.NativeMethodAccessorImpl.invoke0(Native Method)
	at sun.reflect.NativeMethodAccessorImpl.invoke(NativeMethodAccessorImpl.java:62)
	at sun.reflect.DelegatingMethodAccessorImpl.invoke(DelegatingMethodAccessorImpl.java:43)
	at java.lang.reflect.Method.invoke(Method.java:498)
	at org.eclipse.equinox.launcher.Main.invokeFramework(Main.java:673)
	at org.eclipse.equinox.launcher.Main.basicRun(Main.java:610)
	at org.eclipse.equinox.launcher.Main.run(Main.java:1519)
	at org.eclipse.equinox.launcher.Main.main(Main.java:1492)
2017-02-07 01:46:50,843 ERROR [org.eclim.command.Main] Command failed
java.lang.IllegalArgumentException: Project 'ClientTest' does not have the required nature 'java'.
	at org.eclim.plugin.jdt.util.JavaUtils.getJavaProject(JavaUtils.java:151)
	at org.eclim.plugin.jdt.command.launching.JavaCommand.execute(JavaCommand.java:127)
	at org.eclim.command.Main$1.run(Main.java:100)
	at org.eclipse.swt.widgets.RunnableLock.run(RunnableLock.java:35)
	at org.eclipse.swt.widgets.Synchronizer.runAsyncMessages(Synchronizer.java:182)
	at org.eclipse.swt.widgets.Display.runAsyncMessages(Display.java:4536)
	at org.eclipse.swt.widgets.Display.readAndDispatch(Display.java:4154)
	at org.eclipse.e4.ui.internal.workbench.swt.PartRenderingEngine$4.run(PartRenderingEngine.java:1121)
	at org.eclipse.core.databinding.observable.Realm.runWithDefault(Realm.java:336)
	at org.eclipse.e4.ui.internal.workbench.swt.PartRenderingEngine.run(PartRenderingEngine.java:1022)
	at org.eclipse.e4.ui.internal.workbench.E4Workbench.createAndRunUI(E4Workbench.java:150)
	at org.eclipse.ui.internal.Workbench$5.run(Workbench.java:693)
	at org.eclipse.core.databinding.observable.Realm.runWithDefault(Realm.java:336)
	at org.eclipse.ui.internal.Workbench.createAndRunWorkbench(Workbench.java:610)
	at org.eclipse.ui.PlatformUI.createAndRunWorkbench(PlatformUI.java:148)
	at org.eclipse.ui.internal.ide.application.IDEApplication.start(IDEApplication.java:138)
	at org.eclim.eclipse.EclimApplication.start(EclimApplication.java:128)
	at org.eclipse.equinox.internal.app.EclipseAppHandle.run(EclipseAppHandle.java:196)
	at org.eclipse.core.runtime.internal.adaptor.EclipseAppLauncher.runApplication(EclipseAppLauncher.java:134)
	at org.eclipse.core.runtime.internal.adaptor.EclipseAppLauncher.start(EclipseAppLauncher.java:104)
	at org.eclipse.core.runtime.adaptor.EclipseStarter.run(EclipseStarter.java:388)
	at org.eclipse.core.runtime.adaptor.EclipseStarter.run(EclipseStarter.java:243)
	at sun.reflect.NativeMethodAccessorImpl.invoke0(Native Method)
	at sun.reflect.NativeMethodAccessorImpl.invoke(NativeMethodAccessorImpl.java:62)
	at sun.reflect.DelegatingMethodAccessorImpl.invoke(DelegatingMethodAccessorImpl.java:43)
	at java.lang.reflect.Method.invoke(Method.java:498)
	at org.eclipse.equinox.launcher.Main.invokeFramework(Main.java:673)
	at org.eclipse.equinox.launcher.Main.basicRun(Main.java:610)
	at org.eclipse.equinox.launcher.Main.run(Main.java:1519)
	at org.eclipse.equinox.launcher.Main.main(Main.java:1492)
2017-02-07 01:47:01,962 ERROR [org.eclim.command.Main] Command failed
java.lang.IllegalArgumentException: Project 'ClientTest' does not have the required nature 'java'.
	at org.eclim.plugin.jdt.util.JavaUtils.getJavaProject(JavaUtils.java:151)
	at org.eclim.plugin.jdt.command.launching.JavaCommand.execute(JavaCommand.java:127)
	at org.eclim.command.Main$1.run(Main.java:100)
	at org.eclipse.swt.widgets.RunnableLock.run(RunnableLock.java:35)
	at org.eclipse.swt.widgets.Synchronizer.runAsyncMessages(Synchronizer.java:182)
	at org.eclipse.swt.widgets.Display.runAsyncMessages(Display.java:4536)
	at org.eclipse.swt.widgets.Display.readAndDispatch(Display.java:4154)
	at org.eclipse.e4.ui.internal.workbench.swt.PartRenderingEngine$4.run(PartRenderingEngine.java:1121)
	at org.eclipse.core.databinding.observable.Realm.runWithDefault(Realm.java:336)
	at org.eclipse.e4.ui.internal.workbench.swt.PartRenderingEngine.run(PartRenderingEngine.java:1022)
	at org.eclipse.e4.ui.internal.workbench.E4Workbench.createAndRunUI(E4Workbench.java:150)
	at org.eclipse.ui.internal.Workbench$5.run(Workbench.java:693)
	at org.eclipse.core.databinding.observable.Realm.runWithDefault(Realm.java:336)
	at org.eclipse.ui.internal.Workbench.createAndRunWorkbench(Workbench.java:610)
	at org.eclipse.ui.PlatformUI.createAndRunWorkbench(PlatformUI.java:148)
	at org.eclipse.ui.internal.ide.application.IDEApplication.start(IDEApplication.java:138)
	at org.eclim.eclipse.EclimApplication.start(EclimApplication.java:128)
	at org.eclipse.equinox.internal.app.EclipseAppHandle.run(EclipseAppHandle.java:196)
	at org.eclipse.core.runtime.internal.adaptor.EclipseAppLauncher.runApplication(EclipseAppLauncher.java:134)
	at org.eclipse.core.runtime.internal.adaptor.EclipseAppLauncher.start(EclipseAppLauncher.java:104)
	at org.eclipse.core.runtime.adaptor.EclipseStarter.run(EclipseStarter.java:388)
	at org.eclipse.core.runtime.adaptor.EclipseStarter.run(EclipseStarter.java:243)
	at sun.reflect.NativeMethodAccessorImpl.invoke0(Native Method)
	at sun.reflect.NativeMethodAccessorImpl.invoke(NativeMethodAccessorImpl.java:62)
	at sun.reflect.DelegatingMethodAccessorImpl.invoke(DelegatingMethodAccessorImpl.java:43)
	at java.lang.reflect.Method.invoke(Method.java:498)
	at org.eclipse.equinox.launcher.Main.invokeFramework(Main.java:673)
	at org.eclipse.equinox.launcher.Main.basicRun(Main.java:610)
	at org.eclipse.equinox.launcher.Main.run(Main.java:1519)
	at org.eclipse.equinox.launcher.Main.main(Main.java:1492)
2017-02-07 01:52:51,435 ERROR [org.eclim.command.Main] Command failed
java.lang.IllegalArgumentException: Project 'ClientTest' does not have the required nature 'java'.
	at org.eclim.plugin.jdt.util.JavaUtils.getJavaProject(JavaUtils.java:151)
	at org.eclim.plugin.jdt.command.launching.JavaCommand.execute(JavaCommand.java:127)
	at org.eclim.command.Main$1.run(Main.java:100)
	at org.eclipse.swt.widgets.RunnableLock.run(RunnableLock.java:35)
	at org.eclipse.swt.widgets.Synchronizer.runAsyncMessages(Synchronizer.java:182)
	at org.eclipse.swt.widgets.Display.runAsyncMessages(Display.java:4536)
	at org.eclipse.swt.widgets.Display.readAndDispatch(Display.java:4154)
	at org.eclipse.e4.ui.internal.workbench.swt.PartRenderingEngine$4.run(PartRenderingEngine.java:1121)
	at org.eclipse.core.databinding.observable.Realm.runWithDefault(Realm.java:336)
	at org.eclipse.e4.ui.internal.workbench.swt.PartRenderingEngine.run(PartRenderingEngine.java:1022)
	at org.eclipse.e4.ui.internal.workbench.E4Workbench.createAndRunUI(E4Workbench.java:150)
	at org.eclipse.ui.internal.Workbench$5.run(Workbench.java:693)
	at org.eclipse.core.databinding.observable.Realm.runWithDefault(Realm.java:336)
	at org.eclipse.ui.internal.Workbench.createAndRunWorkbench(Workbench.java:610)
	at org.eclipse.ui.PlatformUI.createAndRunWorkbench(PlatformUI.java:148)
	at org.eclipse.ui.internal.ide.application.IDEApplication.start(IDEApplication.java:138)
	at org.eclim.eclipse.EclimApplication.start(EclimApplication.java:128)
	at org.eclipse.equinox.internal.app.EclipseAppHandle.run(EclipseAppHandle.java:196)
	at org.eclipse.core.runtime.internal.adaptor.EclipseAppLauncher.runApplication(EclipseAppLauncher.java:134)
	at org.eclipse.core.runtime.internal.adaptor.EclipseAppLauncher.start(EclipseAppLauncher.java:104)
	at org.eclipse.core.runtime.adaptor.EclipseStarter.run(EclipseStarter.java:388)
	at org.eclipse.core.runtime.adaptor.EclipseStarter.run(EclipseStarter.java:243)
	at sun.reflect.NativeMethodAccessorImpl.invoke0(Native Method)
	at sun.reflect.NativeMethodAccessorImpl.invoke(NativeMethodAccessorImpl.java:62)
	at sun.reflect.DelegatingMethodAccessorImpl.invoke(DelegatingMethodAccessorImpl.java:43)
	at java.lang.reflect.Method.invoke(Method.java:498)
	at org.eclipse.equinox.launcher.Main.invokeFramework(Main.java:673)
	at org.eclipse.equinox.launcher.Main.basicRun(Main.java:610)
	at org.eclipse.equinox.launcher.Main.run(Main.java:1519)
	at org.eclipse.equinox.launcher.Main.main(Main.java:1492)
2017-02-07 01:53:06,723 ERROR [org.eclim.command.Main] Command failed
java.lang.IllegalArgumentException: Project 'ClientTest' does not have the required nature 'java'.
	at org.eclim.plugin.jdt.util.JavaUtils.getJavaProject(JavaUtils.java:151)
	at org.eclim.plugin.jdt.util.JavaUtils.getJavaProject(JavaUtils.java:133)
	at org.eclim.plugin.jdt.util.JavaUtils.getCompilationUnit(JavaUtils.java:179)
	at org.eclim.plugin.jdt.command.complete.CodeCompleteCommand.getCompletionResults(CodeCompleteCommand.java:79)
	at org.eclim.plugin.core.command.complete.AbstractCodeCompleteCommand.execute(AbstractCodeCompleteCommand.java:63)
	at org.eclim.command.Main$1.run(Main.java:100)
	at org.eclipse.swt.widgets.RunnableLock.run(RunnableLock.java:35)
	at org.eclipse.swt.widgets.Synchronizer.runAsyncMessages(Synchronizer.java:182)
	at org.eclipse.swt.widgets.Display.runAsyncMessages(Display.java:4536)
	at org.eclipse.swt.widgets.Display.readAndDispatch(Display.java:4154)
	at org.eclipse.e4.ui.internal.workbench.swt.PartRenderingEngine$4.run(PartRenderingEngine.java:1121)
	at org.eclipse.core.databinding.observable.Realm.runWithDefault(Realm.java:336)
	at org.eclipse.e4.ui.internal.workbench.swt.PartRenderingEngine.run(PartRenderingEngine.java:1022)
	at org.eclipse.e4.ui.internal.workbench.E4Workbench.createAndRunUI(E4Workbench.java:150)
	at org.eclipse.ui.internal.Workbench$5.run(Workbench.java:693)
	at org.eclipse.core.databinding.observable.Realm.runWithDefault(Realm.java:336)
	at org.eclipse.ui.internal.Workbench.createAndRunWorkbench(Workbench.java:610)
	at org.eclipse.ui.PlatformUI.createAndRunWorkbench(PlatformUI.java:148)
	at org.eclipse.ui.internal.ide.application.IDEApplication.start(IDEApplication.java:138)
	at org.eclim.eclipse.EclimApplication.start(EclimApplication.java:128)
	at org.eclipse.equinox.internal.app.EclipseAppHandle.run(EclipseAppHandle.java:196)
	at org.eclipse.core.runtime.internal.adaptor.EclipseAppLauncher.runApplication(EclipseAppLauncher.java:134)
	at org.eclipse.core.runtime.internal.adaptor.EclipseAppLauncher.start(EclipseAppLauncher.java:104)
	at org.eclipse.core.runtime.adaptor.EclipseStarter.run(EclipseStarter.java:388)
	at org.eclipse.core.runtime.adaptor.EclipseStarter.run(EclipseStarter.java:243)
	at sun.reflect.NativeMethodAccessorImpl.invoke0(Native Method)
	at sun.reflect.NativeMethodAccessorImpl.invoke(NativeMethodAccessorImpl.java:62)
	at sun.reflect.DelegatingMethodAccessorImpl.invoke(DelegatingMethodAccessorImpl.java:43)
	at java.lang.reflect.Method.invoke(Method.java:498)
	at org.eclipse.equinox.launcher.Main.invokeFramework(Main.java:673)
	at org.eclipse.equinox.launcher.Main.basicRun(Main.java:610)
	at org.eclipse.equinox.launcher.Main.run(Main.java:1519)
	at org.eclipse.equinox.launcher.Main.main(Main.java:1492)
2017-02-07 01:53:19,142 ERROR [org.eclim.command.Main] Command failed
java.lang.IllegalArgumentException: Project 'ClientTest' does not have the required nature 'java'.
	at org.eclim.plugin.jdt.util.JavaUtils.getJavaProject(JavaUtils.java:151)
	at org.eclim.plugin.jdt.util.JavaUtils.getJavaProject(JavaUtils.java:133)
	at org.eclim.plugin.jdt.util.JavaUtils.getCompilationUnit(JavaUtils.java:179)
	at org.eclim.plugin.jdt.command.complete.CodeCompleteCommand.getCompletionResults(CodeCompleteCommand.java:79)
	at org.eclim.plugin.core.command.complete.AbstractCodeCompleteCommand.execute(AbstractCodeCompleteCommand.java:63)
	at org.eclim.command.Main$1.run(Main.java:100)
	at org.eclipse.swt.widgets.RunnableLock.run(RunnableLock.java:35)
	at org.eclipse.swt.widgets.Synchronizer.runAsyncMessages(Synchronizer.java:182)
	at org.eclipse.swt.widgets.Display.runAsyncMessages(Display.java:4536)
	at org.eclipse.swt.widgets.Display.readAndDispatch(Display.java:4154)
	at org.eclipse.e4.ui.internal.workbench.swt.PartRenderingEngine$4.run(PartRenderingEngine.java:1121)
	at org.eclipse.core.databinding.observable.Realm.runWithDefault(Realm.java:336)
	at org.eclipse.e4.ui.internal.workbench.swt.PartRenderingEngine.run(PartRenderingEngine.java:1022)
	at org.eclipse.e4.ui.internal.workbench.E4Workbench.createAndRunUI(E4Workbench.java:150)
	at org.eclipse.ui.internal.Workbench$5.run(Workbench.java:693)
	at org.eclipse.core.databinding.observable.Realm.runWithDefault(Realm.java:336)
	at org.eclipse.ui.internal.Workbench.createAndRunWorkbench(Workbench.java:610)
	at org.eclipse.ui.PlatformUI.createAndRunWorkbench(PlatformUI.java:148)
	at org.eclipse.ui.internal.ide.application.IDEApplication.start(IDEApplication.java:138)
	at org.eclim.eclipse.EclimApplication.start(EclimApplication.java:128)
	at org.eclipse.equinox.internal.app.EclipseAppHandle.run(EclipseAppHandle.java:196)
	at org.eclipse.core.runtime.internal.adaptor.EclipseAppLauncher.runApplication(EclipseAppLauncher.java:134)
	at org.eclipse.core.runtime.internal.adaptor.EclipseAppLauncher.start(EclipseAppLauncher.java:104)
	at org.eclipse.core.runtime.adaptor.EclipseStarter.run(EclipseStarter.java:388)
	at org.eclipse.core.runtime.adaptor.EclipseStarter.run(EclipseStarter.java:243)
	at sun.reflect.NativeMethodAccessorImpl.invoke0(Native Method)
	at sun.reflect.NativeMethodAccessorImpl.invoke(NativeMethodAccessorImpl.java:62)
	at sun.reflect.DelegatingMethodAccessorImpl.invoke(DelegatingMethodAccessorImpl.java:43)
	at java.lang.reflect.Method.invoke(Method.java:498)
	at org.eclipse.equinox.launcher.Main.invokeFramework(Main.java:673)
	at org.eclipse.equinox.launcher.Main.basicRun(Main.java:610)
	at org.eclipse.equinox.launcher.Main.run(Main.java:1519)
	at org.eclipse.equinox.launcher.Main.main(Main.java:1492)
2017-02-07 01:53:47,041 ERROR [org.eclim.command.Main] Command failed
java.lang.IllegalArgumentException: Project 'ClientTest' does not have the required nature 'java'.
	at org.eclim.plugin.jdt.util.JavaUtils.getJavaProject(JavaUtils.java:151)
	at org.eclim.plugin.jdt.util.JavaUtils.getJavaProject(JavaUtils.java:133)
	at org.eclim.plugin.jdt.util.JavaUtils.getCompilationUnit(JavaUtils.java:179)
	at org.eclim.plugin.jdt.command.complete.CodeCompleteCommand.getCompletionResults(CodeCompleteCommand.java:79)
	at org.eclim.plugin.core.command.complete.AbstractCodeCompleteCommand.execute(AbstractCodeCompleteCommand.java:63)
	at org.eclim.command.Main$1.run(Main.java:100)
	at org.eclipse.swt.widgets.RunnableLock.run(RunnableLock.java:35)
	at org.eclipse.swt.widgets.Synchronizer.runAsyncMessages(Synchronizer.java:182)
	at org.eclipse.swt.widgets.Display.runAsyncMessages(Display.java:4536)
	at org.eclipse.swt.widgets.Display.readAndDispatch(Display.java:4154)
	at org.eclipse.e4.ui.internal.workbench.swt.PartRenderingEngine$4.run(PartRenderingEngine.java:1121)
	at org.eclipse.core.databinding.observable.Realm.runWithDefault(Realm.java:336)
	at org.eclipse.e4.ui.internal.workbench.swt.PartRenderingEngine.run(PartRenderingEngine.java:1022)
	at org.eclipse.e4.ui.internal.workbench.E4Workbench.createAndRunUI(E4Workbench.java:150)
	at org.eclipse.ui.internal.Workbench$5.run(Workbench.java:693)
	at org.eclipse.core.databinding.observable.Realm.runWithDefault(Realm.java:336)
	at org.eclipse.ui.internal.Workbench.createAndRunWorkbench(Workbench.java:610)
	at org.eclipse.ui.PlatformUI.createAndRunWorkbench(PlatformUI.java:148)
	at org.eclipse.ui.internal.ide.application.IDEApplication.start(IDEApplication.java:138)
	at org.eclim.eclipse.EclimApplication.start(EclimApplication.java:128)
	at org.eclipse.equinox.internal.app.EclipseAppHandle.run(EclipseAppHandle.java:196)
	at org.eclipse.core.runtime.internal.adaptor.EclipseAppLauncher.runApplication(EclipseAppLauncher.java:134)
	at org.eclipse.core.runtime.internal.adaptor.EclipseAppLauncher.start(EclipseAppLauncher.java:104)
	at org.eclipse.core.runtime.adaptor.EclipseStarter.run(EclipseStarter.java:388)
	at org.eclipse.core.runtime.adaptor.EclipseStarter.run(EclipseStarter.java:243)
	at sun.reflect.NativeMethodAccessorImpl.invoke0(Native Method)
	at sun.reflect.NativeMethodAccessorImpl.invoke(NativeMethodAccessorImpl.java:62)
	at sun.reflect.DelegatingMethodAccessorImpl.invoke(DelegatingMethodAccessorImpl.java:43)
	at java.lang.reflect.Method.invoke(Method.java:498)
	at org.eclipse.equinox.launcher.Main.invokeFramework(Main.java:673)
	at org.eclipse.equinox.launcher.Main.basicRun(Main.java:610)
	at org.eclipse.equinox.launcher.Main.run(Main.java:1519)
	at org.eclipse.equinox.launcher.Main.main(Main.java:1492)
2017-02-07 01:57:19,474 ERROR [org.eclim.command.Main] Command failed
java.lang.IllegalArgumentException: Project 'ClientTest' does not have the required nature 'java'.
	at org.eclim.plugin.jdt.util.JavaUtils.getJavaProject(JavaUtils.java:151)
	at org.eclim.plugin.jdt.util.JavaUtils.getJavaProject(JavaUtils.java:133)
	at org.eclim.plugin.jdt.util.JavaUtils.getCompilationUnit(JavaUtils.java:179)
	at org.eclim.plugin.jdt.command.complete.CodeCompleteCommand.getCompletionResults(CodeCompleteCommand.java:79)
	at org.eclim.plugin.core.command.complete.AbstractCodeCompleteCommand.execute(AbstractCodeCompleteCommand.java:63)
	at org.eclim.command.Main$1.run(Main.java:100)
	at org.eclipse.swt.widgets.RunnableLock.run(RunnableLock.java:35)
	at org.eclipse.swt.widgets.Synchronizer.runAsyncMessages(Synchronizer.java:182)
	at org.eclipse.swt.widgets.Display.runAsyncMessages(Display.java:4536)
	at org.eclipse.swt.widgets.Display.readAndDispatch(Display.java:4154)
	at org.eclipse.e4.ui.internal.workbench.swt.PartRenderingEngine$4.run(PartRenderingEngine.java:1121)
	at org.eclipse.core.databinding.observable.Realm.runWithDefault(Realm.java:336)
	at org.eclipse.e4.ui.internal.workbench.swt.PartRenderingEngine.run(PartRenderingEngine.java:1022)
	at org.eclipse.e4.ui.internal.workbench.E4Workbench.createAndRunUI(E4Workbench.java:150)
	at org.eclipse.ui.internal.Workbench$5.run(Workbench.java:693)
	at org.eclipse.core.databinding.observable.Realm.runWithDefault(Realm.java:336)
	at org.eclipse.ui.internal.Workbench.createAndRunWorkbench(Workbench.java:610)
	at org.eclipse.ui.PlatformUI.createAndRunWorkbench(PlatformUI.java:148)
	at org.eclipse.ui.internal.ide.application.IDEApplication.start(IDEApplication.java:138)
	at org.eclim.eclipse.EclimApplication.start(EclimApplication.java:128)
	at org.eclipse.equinox.internal.app.EclipseAppHandle.run(EclipseAppHandle.java:196)
	at org.eclipse.core.runtime.internal.adaptor.EclipseAppLauncher.runApplication(EclipseAppLauncher.java:134)
	at org.eclipse.core.runtime.internal.adaptor.EclipseAppLauncher.start(EclipseAppLauncher.java:104)
	at org.eclipse.core.runtime.adaptor.EclipseStarter.run(EclipseStarter.java:388)
	at org.eclipse.core.runtime.adaptor.EclipseStarter.run(EclipseStarter.java:243)
	at sun.reflect.NativeMethodAccessorImpl.invoke0(Native Method)
	at sun.reflect.NativeMethodAccessorImpl.invoke(NativeMethodAccessorImpl.java:62)
	at sun.reflect.DelegatingMethodAccessorImpl.invoke(DelegatingMethodAccessorImpl.java:43)
	at java.lang.reflect.Method.invoke(Method.java:498)
	at org.eclipse.equinox.launcher.Main.invokeFramework(Main.java:673)
	at org.eclipse.equinox.launcher.Main.basicRun(Main.java:610)
	at org.eclipse.equinox.launcher.Main.run(Main.java:1519)
	at org.eclipse.equinox.launcher.Main.main(Main.java:1492)
2017-02-07 01:57:50,881 ERROR [org.eclim.command.Main] Command failed
java.lang.IllegalArgumentException: Project 'ClientTest' does not have the required nature 'java'.
	at org.eclim.plugin.jdt.util.JavaUtils.getJavaProject(JavaUtils.java:151)
	at org.eclim.plugin.jdt.util.JavaUtils.getJavaProject(JavaUtils.java:133)
	at org.eclim.plugin.jdt.util.JavaUtils.getCompilationUnit(JavaUtils.java:179)
	at org.eclim.plugin.jdt.command.complete.CodeCompleteCommand.getCompletionResults(CodeCompleteCommand.java:79)
	at org.eclim.plugin.core.command.complete.AbstractCodeCompleteCommand.execute(AbstractCodeCompleteCommand.java:63)
	at org.eclim.command.Main$1.run(Main.java:100)
	at org.eclipse.swt.widgets.RunnableLock.run(RunnableLock.java:35)
	at org.eclipse.swt.widgets.Synchronizer.runAsyncMessages(Synchronizer.java:182)
	at org.eclipse.swt.widgets.Display.runAsyncMessages(Display.java:4536)
	at org.eclipse.swt.widgets.Display.readAndDispatch(Display.java:4154)
	at org.eclipse.e4.ui.internal.workbench.swt.PartRenderingEngine$4.run(PartRenderingEngine.java:1121)
	at org.eclipse.core.databinding.observable.Realm.runWithDefault(Realm.java:336)
	at org.eclipse.e4.ui.internal.workbench.swt.PartRenderingEngine.run(PartRenderingEngine.java:1022)
	at org.eclipse.e4.ui.internal.workbench.E4Workbench.createAndRunUI(E4Workbench.java:150)
	at org.eclipse.ui.internal.Workbench$5.run(Workbench.java:693)
	at org.eclipse.core.databinding.observable.Realm.runWithDefault(Realm.java:336)
	at org.eclipse.ui.internal.Workbench.createAndRunWorkbench(Workbench.java:610)
	at org.eclipse.ui.PlatformUI.createAndRunWorkbench(PlatformUI.java:148)
	at org.eclipse.ui.internal.ide.application.IDEApplication.start(IDEApplication.java:138)
	at org.eclim.eclipse.EclimApplication.start(EclimApplication.java:128)
	at org.eclipse.equinox.internal.app.EclipseAppHandle.run(EclipseAppHandle.java:196)
	at org.eclipse.core.runtime.internal.adaptor.EclipseAppLauncher.runApplication(EclipseAppLauncher.java:134)
	at org.eclipse.core.runtime.internal.adaptor.EclipseAppLauncher.start(EclipseAppLauncher.java:104)
	at org.eclipse.core.runtime.adaptor.EclipseStarter.run(EclipseStarter.java:388)
	at org.eclipse.core.runtime.adaptor.EclipseStarter.run(EclipseStarter.java:243)
	at sun.reflect.NativeMethodAccessorImpl.invoke0(Native Method)
	at sun.reflect.NativeMethodAccessorImpl.invoke(NativeMethodAccessorImpl.java:62)
	at sun.reflect.DelegatingMethodAccessorImpl.invoke(DelegatingMethodAccessorImpl.java:43)
	at java.lang.reflect.Method.invoke(Method.java:498)
	at org.eclipse.equinox.launcher.Main.invokeFramework(Main.java:673)
	at org.eclipse.equinox.launcher.Main.basicRun(Main.java:610)
	at org.eclipse.equinox.launcher.Main.run(Main.java:1519)
	at org.eclipse.equinox.launcher.Main.main(Main.java:1492)
2017-02-07 02:00:49,442 ERROR [org.eclim.command.Main] Command failed
java.lang.IllegalArgumentException: Project 'ClientTest' does not have the required nature 'java'.
	at org.eclim.plugin.jdt.util.JavaUtils.getJavaProject(JavaUtils.java:151)
	at org.eclim.plugin.jdt.command.launching.JavaCommand.execute(JavaCommand.java:127)
	at org.eclim.command.Main$1.run(Main.java:100)
	at org.eclipse.swt.widgets.RunnableLock.run(RunnableLock.java:35)
	at org.eclipse.swt.widgets.Synchronizer.runAsyncMessages(Synchronizer.java:182)
	at org.eclipse.swt.widgets.Display.runAsyncMessages(Display.java:4536)
	at org.eclipse.swt.widgets.Display.readAndDispatch(Display.java:4154)
	at org.eclipse.e4.ui.internal.workbench.swt.PartRenderingEngine$4.run(PartRenderingEngine.java:1121)
	at org.eclipse.core.databinding.observable.Realm.runWithDefault(Realm.java:336)
	at org.eclipse.e4.ui.internal.workbench.swt.PartRenderingEngine.run(PartRenderingEngine.java:1022)
	at org.eclipse.e4.ui.internal.workbench.E4Workbench.createAndRunUI(E4Workbench.java:150)
	at org.eclipse.ui.internal.Workbench$5.run(Workbench.java:693)
	at org.eclipse.core.databinding.observable.Realm.runWithDefault(Realm.java:336)
	at org.eclipse.ui.internal.Workbench.createAndRunWorkbench(Workbench.java:610)
	at org.eclipse.ui.PlatformUI.createAndRunWorkbench(PlatformUI.java:148)
	at org.eclipse.ui.internal.ide.application.IDEApplication.start(IDEApplication.java:138)
	at org.eclim.eclipse.EclimApplication.start(EclimApplication.java:128)
	at org.eclipse.equinox.internal.app.EclipseAppHandle.run(EclipseAppHandle.java:196)
	at org.eclipse.core.runtime.internal.adaptor.EclipseAppLauncher.runApplication(EclipseAppLauncher.java:134)
	at org.eclipse.core.runtime.internal.adaptor.EclipseAppLauncher.start(EclipseAppLauncher.java:104)
	at org.eclipse.core.runtime.adaptor.EclipseStarter.run(EclipseStarter.java:388)
	at org.eclipse.core.runtime.adaptor.EclipseStarter.run(EclipseStarter.java:243)
	at sun.reflect.NativeMethodAccessorImpl.invoke0(Native Method)
	at sun.reflect.NativeMethodAccessorImpl.invoke(NativeMethodAccessorImpl.java:62)
	at sun.reflect.DelegatingMethodAccessorImpl.invoke(DelegatingMethodAccessorImpl.java:43)
	at java.lang.reflect.Method.invoke(Method.java:498)
	at org.eclipse.equinox.launcher.Main.invokeFramework(Main.java:673)
	at org.eclipse.equinox.launcher.Main.basicRun(Main.java:610)
	at org.eclipse.equinox.launcher.Main.run(Main.java:1519)
	at org.eclipse.equinox.launcher.Main.main(Main.java:1492)
2017-02-07 02:01:26,417 INFO  [org.eclim.eclipse.EclimDaemon] Shutting down eclim...
2017-02-07 02:01:26,420 INFO  [org.eclim.eclipse.EclimDaemon] Stopping plugin org.eclim.core
2017-02-07 02:01:26,422 INFO  [org.eclim.plugin.core.CorePlugin] Stopping plugin org.eclim.jdt
2017-02-07 02:01:26,423 INFO  [org.eclim.eclipse.EclimDaemon] Eclim stopped.
2017-02-07 02:01:38,603 INFO  [org.eclim.eclipse.EclimDaemon] Workspace: /home/alexiram/Documents/GIT/PSTL/RockAn-Dron/ServerWorkSpace
2017-02-07 02:01:38,604 INFO  [org.eclim.eclipse.EclimDaemon] Home: /home/alexiram/Documents/Installations/eclipse-eclim/eclipse/plugins/org.eclim_2.6.0/
2017-02-07 02:01:38,604 INFO  [org.eclim.eclipse.EclimDaemon] Starting eclim...
2017-02-07 02:01:38,610 INFO  [org.eclim.eclipse.EclimDaemon] Loading plugin org.eclim
2017-02-07 02:01:38,622 INFO  [org.eclim.eclipse.EclimDaemon] Loading plugin org.eclim.core
2017-02-07 02:01:38,754 INFO  [org.eclim.plugin.core.CorePlugin] Loading eclim plugins...
2017-02-07 02:01:38,755 INFO  [org.eclim.plugin.core.CorePlugin] Loading plugin org.eclim.jdt
2017-02-07 02:01:38,756 INFO  [org.eclim.plugin.core.CorePlugin] Plugins loaded.
2017-02-07 02:01:38,756 INFO  [org.eclim.eclipse.EclimDaemon] Loaded plugin org.eclim.core
2017-02-07 02:01:38,757 INFO  [org.eclim.eclipse.EclimDaemon] Waiting on running jobs before starting eclimd...
2017-02-07 02:01:41,764 INFO  [org.eclim.eclipse.EclimDaemon] Jobs finished.
2017-02-07 02:01:41,764 INFO  [org.eclim.eclipse.EclimDaemon] Eclim Server Started on: 127.0.0.1:9091
2017-02-07 16:30:18,891 INFO  [org.eclim.eclipse.EclimDaemon] Shutting down eclim...
2017-02-07 16:30:18,894 INFO  [org.eclim.eclipse.EclimDaemon] Stopping plugin org.eclim.core
2017-02-07 16:30:18,895 INFO  [org.eclim.plugin.core.CorePlugin] Stopping plugin org.eclim.jdt
2017-02-07 16:30:18,896 INFO  [org.eclim.eclipse.EclimDaemon] Eclim stopped.
2017-02-07 16:30:35,424 INFO  [org.eclim.eclipse.EclimDaemon] Workspace: /home/alexiram/Documents/GIT/PSTL/RockAn-Dron/ServerWorkSpace
2017-02-07 16:30:35,427 INFO  [org.eclim.eclipse.EclimDaemon] Home: /home/alexiram/Documents/Installations/eclipse-eclim/eclipse/plugins/org.eclim_2.6.0/
2017-02-07 16:30:35,427 INFO  [org.eclim.eclipse.EclimDaemon] Starting eclim...
2017-02-07 16:30:35,440 INFO  [org.eclim.eclipse.EclimDaemon] Loading plugin org.eclim
2017-02-07 16:30:35,442 INFO  [org.eclim.eclipse.EclimDaemon] Loading plugin org.eclim.core
2017-02-07 16:30:35,584 INFO  [org.eclim.plugin.core.CorePlugin] Loading eclim plugins...
2017-02-07 16:30:35,585 INFO  [org.eclim.plugin.core.CorePlugin] Loading plugin org.eclim.jdt
2017-02-07 16:30:35,591 INFO  [org.eclim.plugin.core.CorePlugin] Plugins loaded.
2017-02-07 16:30:35,591 INFO  [org.eclim.eclipse.EclimDaemon] Loaded plugin org.eclim.core
2017-02-07 16:30:35,593 INFO  [org.eclim.eclipse.EclimDaemon] Waiting on running jobs before starting eclimd...
2017-02-07 16:30:40,594 INFO  [org.eclim.eclipse.EclimDaemon] Jobs finished.
2017-02-07 16:30:40,594 INFO  [org.eclim.eclipse.EclimDaemon] Eclim Server Started on: 127.0.0.1:9091
2017-02-07 18:31:00,147 INFO  [org.eclim.eclipse.EclimDaemon] Shutting down eclim...
2017-02-07 18:31:00,212 INFO  [org.eclim.eclipse.EclimDaemon] Stopping plugin org.eclim.core
2017-02-07 18:31:00,233 INFO  [org.eclim.plugin.core.CorePlugin] Stopping plugin org.eclim.jdt
2017-02-07 18:31:00,233 INFO  [org.eclim.eclipse.EclimDaemon] Eclim stopped.
2017-02-07 18:32:07,673 INFO  [org.eclim.eclipse.EclimDaemon] Workspace: /home/alexiram/Documents/GIT/PSTL/RockAn-Dron/ServerWorkSpace
2017-02-07 18:32:07,674 INFO  [org.eclim.eclipse.EclimDaemon] Home: /home/alexiram/Documents/Installations/eclipse-eclim/eclipse/plugins/org.eclim_2.6.0/
2017-02-07 18:32:07,674 INFO  [org.eclim.eclipse.EclimDaemon] Starting eclim...
2017-02-07 18:32:07,784 INFO  [org.eclim.eclipse.EclimDaemon] Loading plugin org.eclim
2017-02-07 18:32:07,787 INFO  [org.eclim.eclipse.EclimDaemon] Loading plugin org.eclim.core
2017-02-07 18:32:07,915 INFO  [org.eclim.plugin.core.CorePlugin] Loading eclim plugins...
2017-02-07 18:32:07,916 INFO  [org.eclim.plugin.core.CorePlugin] Loading plugin org.eclim.jdt
2017-02-07 18:32:07,916 INFO  [org.eclim.plugin.core.CorePlugin] Plugins loaded.
2017-02-07 18:32:08,153 INFO  [org.eclim.eclipse.EclimDaemon] Loaded plugin org.eclim.core
2017-02-07 18:32:08,155 INFO  [org.eclim.eclipse.EclimDaemon] Waiting on running jobs before starting eclimd...
2017-02-07 18:32:20,157 INFO  [org.eclim.eclipse.EclimDaemon] Jobs finished.
2017-02-07 18:32:20,157 INFO  [org.eclim.eclipse.EclimDaemon] Eclim Server Started on: 127.0.0.1:9091
2017-02-08 18:25:29,335 INFO  [org.eclim.eclipse.EclimDaemon] Shutting down eclim...
2017-02-08 18:25:29,570 INFO  [org.eclim.eclipse.EclimDaemon] Stopping plugin org.eclim.core
2017-02-08 18:25:29,743 INFO  [org.eclim.plugin.core.CorePlugin] Stopping plugin org.eclim.jdt
2017-02-08 18:25:29,767 INFO  [org.eclim.eclipse.EclimDaemon] Eclim stopped.
2017-02-08 18:25:54,315 INFO  [org.eclim.eclipse.EclimDaemon] Workspace: /home/alexiram/Documents/GIT/PSTL/RockAn-Dron/ServerWorkSpace
2017-02-08 18:25:54,316 INFO  [org.eclim.eclipse.EclimDaemon] Home: /home/alexiram/Documents/Installations/eclipse-eclim/eclipse/plugins/org.eclim_2.6.0/
2017-02-08 18:25:54,316 INFO  [org.eclim.eclipse.EclimDaemon] Starting eclim...
2017-02-08 18:25:54,321 INFO  [org.eclim.eclipse.EclimDaemon] Loading plugin org.eclim
2017-02-08 18:25:54,323 INFO  [org.eclim.eclipse.EclimDaemon] Loading plugin org.eclim.core
2017-02-08 18:25:54,754 INFO  [org.eclim.plugin.core.CorePlugin] Loading eclim plugins...
2017-02-08 18:25:54,757 INFO  [org.eclim.plugin.core.CorePlugin] Loading plugin org.eclim.jdt
2017-02-08 18:25:54,757 INFO  [org.eclim.plugin.core.CorePlugin] Plugins loaded.
2017-02-08 18:25:54,758 INFO  [org.eclim.eclipse.EclimDaemon] Loaded plugin org.eclim.core
2017-02-08 18:25:54,758 INFO  [org.eclim.eclipse.EclimDaemon] Waiting on running jobs before starting eclimd...
2017-02-08 18:26:03,760 INFO  [org.eclim.eclipse.EclimDaemon] Jobs finished.
2017-02-08 18:26:03,760 INFO  [org.eclim.eclipse.EclimDaemon] Eclim Server Started on: 127.0.0.1:9091
2017-02-08 18:58:17,537 INFO  [org.eclim.eclipse.EclimDaemon] Shutting down eclim...
2017-02-08 18:58:17,547 INFO  [org.eclim.eclipse.EclimDaemon] Stopping plugin org.eclim.core
2017-02-08 18:58:17,548 INFO  [org.eclim.plugin.core.CorePlugin] Stopping plugin org.eclim.jdt
2017-02-08 18:58:17,549 INFO  [org.eclim.eclipse.EclimDaemon] Eclim stopped.
2017-02-08 18:58:36,057 INFO  [org.eclim.eclipse.EclimDaemon] Workspace: /home/alexiram/Documents/GIT/PSTL/RockAn-Dron/ServerWorkSpace
2017-02-08 18:58:36,057 INFO  [org.eclim.eclipse.EclimDaemon] Home: /home/alexiram/Documents/Installations/eclipse-eclim/eclipse/plugins/org.eclim_2.6.0/
2017-02-08 18:58:36,057 INFO  [org.eclim.eclipse.EclimDaemon] Starting eclim...
2017-02-08 18:58:36,073 INFO  [org.eclim.eclipse.EclimDaemon] Loading plugin org.eclim
2017-02-08 18:58:36,080 INFO  [org.eclim.eclipse.EclimDaemon] Loading plugin org.eclim.core
2017-02-08 18:58:36,308 INFO  [org.eclim.plugin.core.CorePlugin] Loading eclim plugins...
2017-02-08 18:58:36,311 INFO  [org.eclim.plugin.core.CorePlugin] Loading plugin org.eclim.jdt
2017-02-08 18:58:36,312 INFO  [org.eclim.plugin.core.CorePlugin] Plugins loaded.
2017-02-08 18:58:36,312 INFO  [org.eclim.eclipse.EclimDaemon] Loaded plugin org.eclim.core
2017-02-08 18:58:36,313 INFO  [org.eclim.eclipse.EclimDaemon] Waiting on running jobs before starting eclimd...
2017-02-08 18:58:41,316 INFO  [org.eclim.eclipse.EclimDaemon] Jobs finished.
2017-02-08 18:58:41,317 INFO  [org.eclim.eclipse.EclimDaemon] Eclim Server Started on: 127.0.0.1:9091
2017-02-08 19:04:52,897 INFO  [org.eclim.eclipse.EclimDaemon] Shutting down eclim...
2017-02-08 19:04:52,901 INFO  [org.eclim.eclipse.EclimDaemon] Stopping plugin org.eclim.core
2017-02-08 19:04:52,915 INFO  [org.eclim.plugin.core.CorePlugin] Stopping plugin org.eclim.jdt
2017-02-08 19:04:52,915 INFO  [org.eclim.eclipse.EclimDaemon] Eclim stopped.
2017-02-08 19:05:22,361 INFO  [org.eclim.eclipse.EclimDaemon] Workspace: /home/alexiram/Documents/GIT/PSTL/RockAn-Dron/ServerWorkSpace
2017-02-08 19:05:22,362 INFO  [org.eclim.eclipse.EclimDaemon] Home: /home/alexiram/Documents/Installations/eclipse-eclim/eclipse/plugins/org.eclim_2.6.0/
2017-02-08 19:05:22,362 INFO  [org.eclim.eclipse.EclimDaemon] Starting eclim...
2017-02-08 19:05:22,369 INFO  [org.eclim.eclipse.EclimDaemon] Loading plugin org.eclim
2017-02-08 19:05:22,371 INFO  [org.eclim.eclipse.EclimDaemon] Loading plugin org.eclim.core
2017-02-08 19:05:22,576 INFO  [org.eclim.plugin.core.CorePlugin] Loading eclim plugins...
2017-02-08 19:05:22,580 INFO  [org.eclim.plugin.core.CorePlugin] Loading plugin org.eclim.jdt
2017-02-08 19:05:22,581 INFO  [org.eclim.plugin.core.CorePlugin] Plugins loaded.
2017-02-08 19:05:22,581 INFO  [org.eclim.eclipse.EclimDaemon] Loaded plugin org.eclim.core
2017-02-08 19:05:22,586 INFO  [org.eclim.eclipse.EclimDaemon] Waiting on running jobs before starting eclimd...
2017-02-08 19:05:26,590 INFO  [org.eclim.eclipse.EclimDaemon] Jobs finished.
2017-02-08 19:05:26,590 INFO  [org.eclim.eclipse.EclimDaemon] Eclim Server Started on: 127.0.0.1:9091
2017-02-08 19:16:49,942 ERROR [org.eclim.command.Main] Command failed
java.lang.ClassCastException: org.eclipse.jdt.internal.core.BinaryType cannot be cast to org.eclipse.jdt.internal.core.SourceType
	at org.eclipse.jdt.internal.core.util.ASTNodeFinder.findType(ASTNodeFinder.java:117)
	at org.eclipse.jdt.internal.core.util.ASTNodeFinder.findField(ASTNodeFinder.java:42)
	at org.eclipse.jdt.internal.core.util.ASTNodeFinder.findType(ASTNodeFinder.java:162)
	at org.eclipse.jdt.internal.core.util.ASTNodeFinder.findMethod(ASTNodeFinder.java:82)
	at org.eclipse.jdt.internal.core.search.matching.MatchLocator.getMethodBinding(MatchLocator.java:953)
	at org.eclipse.jdt.internal.core.search.matching.MethodLocator.matchMethod(MethodLocator.java:342)
	at org.eclipse.jdt.internal.core.search.matching.MethodLocator.resolveLevel(MethodLocator.java:728)
	at org.eclipse.jdt.internal.core.search.matching.ClassFileMatchLocator.locateMatches(ClassFileMatchLocator.java:209)
	at org.eclipse.jdt.internal.core.search.matching.MatchLocator.process(MatchLocator.java:1847)
	at org.eclipse.jdt.internal.core.search.matching.MatchLocator.locateMatches(MatchLocator.java:1290)
	at org.eclipse.jdt.internal.core.search.matching.MatchLocator.locateMatches(MatchLocator.java:1331)
	at org.eclipse.jdt.internal.core.search.matching.MatchLocator.locateMatches(MatchLocator.java:1463)
	at org.eclipse.jdt.internal.core.search.JavaSearchParticipant.locateMatches(JavaSearchParticipant.java:122)
	at org.eclipse.jdt.internal.core.search.BasicSearchEngine.findMatches(BasicSearchEngine.java:236)
	at org.eclipse.jdt.internal.core.search.BasicSearchEngine.search(BasicSearchEngine.java:583)
	at org.eclipse.jdt.core.search.SearchEngine.search(SearchEngine.java:600)
	at org.eclipse.jdt.internal.corext.callhierarchy.CallerMethodWrapper.findChildren(CallerMethodWrapper.java:152)
	at org.eclipse.jdt.internal.corext.callhierarchy.MethodWrapper.performSearch(MethodWrapper.java:302)
	at org.eclipse.jdt.internal.corext.callhierarchy.MethodWrapper.doFindChildren(MethodWrapper.java:233)
	at org.eclipse.jdt.internal.corext.callhierarchy.MethodWrapper.getCalls(MethodWrapper.java:85)
	at org.eclim.plugin.jdt.command.hierarchy.CallHierarchyCommand.formatRoot(CallHierarchyCommand.java:191)
	at org.eclim.plugin.jdt.command.hierarchy.CallHierarchyCommand.formatRoots(CallHierarchyCommand.java:155)
	at org.eclim.plugin.jdt.command.hierarchy.CallHierarchyCommand.formatRoot(CallHierarchyCommand.java:190)
	at org.eclim.plugin.jdt.command.hierarchy.CallHierarchyCommand.formatRoots(CallHierarchyCommand.java:155)
	at org.eclim.plugin.jdt.command.hierarchy.CallHierarchyCommand.formatRoot(CallHierarchyCommand.java:190)
	at org.eclim.plugin.jdt.command.hierarchy.CallHierarchyCommand.execute(CallHierarchyCommand.java:123)
	at org.eclim.command.Main$1.run(Main.java:100)
	at org.eclipse.swt.widgets.RunnableLock.run(RunnableLock.java:35)
	at org.eclipse.swt.widgets.Synchronizer.runAsyncMessages(Synchronizer.java:182)
	at org.eclipse.swt.widgets.Display.runAsyncMessages(Display.java:4536)
	at org.eclipse.swt.widgets.Display.readAndDispatch(Display.java:4154)
	at org.eclipse.e4.ui.internal.workbench.swt.PartRenderingEngine$4.run(PartRenderingEngine.java:1121)
	at org.eclipse.core.databinding.observable.Realm.runWithDefault(Realm.java:336)
	at org.eclipse.e4.ui.internal.workbench.swt.PartRenderingEngine.run(PartRenderingEngine.java:1022)
	at org.eclipse.e4.ui.internal.workbench.E4Workbench.createAndRunUI(E4Workbench.java:150)
	at org.eclipse.ui.internal.Workbench$5.run(Workbench.java:693)
	at org.eclipse.core.databinding.observable.Realm.runWithDefault(Realm.java:336)
	at org.eclipse.ui.internal.Workbench.createAndRunWorkbench(Workbench.java:610)
	at org.eclipse.ui.PlatformUI.createAndRunWorkbench(PlatformUI.java:148)
	at org.eclipse.ui.internal.ide.application.IDEApplication.start(IDEApplication.java:138)
	at org.eclim.eclipse.EclimApplication.start(EclimApplication.java:128)
	at org.eclipse.equinox.internal.app.EclipseAppHandle.run(EclipseAppHandle.java:196)
	at org.eclipse.core.runtime.internal.adaptor.EclipseAppLauncher.runApplication(EclipseAppLauncher.java:134)
	at org.eclipse.core.runtime.internal.adaptor.EclipseAppLauncher.start(EclipseAppLauncher.java:104)
	at org.eclipse.core.runtime.adaptor.EclipseStarter.run(EclipseStarter.java:388)
	at org.eclipse.core.runtime.adaptor.EclipseStarter.run(EclipseStarter.java:243)
	at sun.reflect.NativeMethodAccessorImpl.invoke0(Native Method)
	at sun.reflect.NativeMethodAccessorImpl.invoke(NativeMethodAccessorImpl.java:62)
	at sun.reflect.DelegatingMethodAccessorImpl.invoke(DelegatingMethodAccessorImpl.java:43)
	at java.lang.reflect.Method.invoke(Method.java:498)
	at org.eclipse.equinox.launcher.Main.invokeFramework(Main.java:673)
	at org.eclipse.equinox.launcher.Main.basicRun(Main.java:610)
	at org.eclipse.equinox.launcher.Main.run(Main.java:1519)
	at org.eclipse.equinox.launcher.Main.main(Main.java:1492)
2017-02-10 19:16:44,494 INFO  [org.eclim.eclipse.EclimDaemon] Shutting down eclim...
2017-02-10 19:16:44,548 INFO  [org.eclim.eclipse.EclimDaemon] Stopping plugin org.eclim.core
2017-02-10 19:16:44,619 INFO  [org.eclim.plugin.core.CorePlugin] Stopping plugin org.eclim.jdt
2017-02-10 19:16:44,619 INFO  [org.eclim.eclipse.EclimDaemon] Eclim stopped.
2017-02-13 19:54:05,792 INFO  [org.eclim.eclipse.EclimDaemon] Workspace: /home/alexiram/Documents/GIT/PSTL/RockAn-Dron/ServerWorkSpace
2017-02-13 19:54:05,974 INFO  [org.eclim.eclipse.EclimDaemon] Home: /home/alexiram/Documents/Installations/eclipse-eclim/eclipse/plugins/org.eclim_2.6.0/
2017-02-13 19:54:05,974 INFO  [org.eclim.eclipse.EclimDaemon] Starting eclim...
2017-02-13 19:54:05,980 INFO  [org.eclim.eclipse.EclimDaemon] Loading plugin org.eclim
2017-02-13 19:54:05,981 INFO  [org.eclim.eclipse.EclimDaemon] Loading plugin org.eclim.core
2017-02-13 19:54:07,026 INFO  [org.eclim.plugin.core.CorePlugin] Loading eclim plugins...
2017-02-13 19:54:07,027 INFO  [org.eclim.plugin.core.CorePlugin] Loading plugin org.eclim.jdt
2017-02-13 19:54:07,028 INFO  [org.eclim.plugin.core.CorePlugin] Plugins loaded.
2017-02-13 19:54:07,028 INFO  [org.eclim.eclipse.EclimDaemon] Loaded plugin org.eclim.core
2017-02-13 19:54:07,028 INFO  [org.eclim.eclipse.EclimDaemon] Waiting on running jobs before starting eclimd...
2017-02-13 19:54:19,030 INFO  [org.eclim.eclipse.EclimDaemon] Jobs finished.
2017-02-13 19:54:19,031 INFO  [org.eclim.eclipse.EclimDaemon] Eclim Server Started on: 127.0.0.1:9091
